{
  "RSpec": {
    "coverage": {
      "/Users/hamilton/projects/tmp/appdemo/app/controllers/employees_controller.rb": [
        1,
        1,
        null,
        null,
        null,
        1,
        7,
        null,
        null,
        null,
        null,
        1,
        null,
        null,
        null,
        1,
        2,
        null,
        null,
        null,
        1,
        null,
        null,
        null,
        null,
        1,
        1,
        null,
        1,
        1,
        2,
        1,
        null,
        0,
        0,
        null,
        null,
        null,
        null,
        null,
        null,
        1,
        1,
        1,
        2,
        1,
        null,
        0,
        0,
        null,
        null,
        null,
        null,
        null,
        null,
        1,
        1,
        1,
        2,
        1,
        null,
        null,
        null,
        1,
        null,
        1,
        6,
        null,
        null,
        null,
        1,
        2,
        null,
        null
      ],
      "/Users/hamilton/projects/tmp/appdemo/app/controllers/application_controller.rb": [
        1,
        null,
        null,
        1,
        null
      ],
      "/Users/hamilton/projects/tmp/appdemo/app/models/employee.rb": [
        1,
        1,
        1,
        null
      ]
    },
    "timestamp": 1468441172
  }
}
